  Main.cpp
C:\Users\jacob\Desktop\3D2D\Test-OpenGL\Main.cpp(207,20): warning C4018: '<': signed/unsigned mismatch
C:\Users\jacob\Desktop\3D2D\Test-OpenGL\Main.cpp(214,20): warning C4018: '<': signed/unsigned mismatch
C:\Users\jacob\Desktop\3D2D\Test-OpenGL\Main.cpp(607,33): warning C4244: '=': conversion from 'size_t' to 'GLfloat', possible loss of data
C:\Users\jacob\Desktop\3D2D\Test-OpenGL\Main.cpp(686,38): warning C4244: '=': conversion from 'int' to 'GLfloat', possible loss of data
C:\Users\jacob\Desktop\3D2D\Test-OpenGL\Main.cpp(769,33): warning C4244: '=': conversion from 'size_t' to 'GLfloat', possible loss of data
C:\Users\jacob\Desktop\3D2D\Test-OpenGL\Main.cpp(853,33): warning C4244: '=': conversion from 'size_t' to 'GLfloat', possible loss of data
C:\Users\jacob\Desktop\3D2D\Test-OpenGL\Main.cpp(928,38): warning C4244: '=': conversion from 'int' to 'GLfloat', possible loss of data
C:\Users\jacob\Desktop\3D2D\Test-OpenGL\Main.cpp(1004,33): warning C4244: '=': conversion from 'int' to 'GLfloat', possible loss of data
C:\Program Files (x86)\Microsoft Visual Studio\2019\Community\VC\Tools\MSVC\14.29.30133\include\tuple(170,47): warning C4244: 'initializing': conversion from '_Ty' to '_Ty', possible loss of data
          with
          [
              _Ty=float
          ]
          and
          [
              _Ty=GLuint
          ]
C:\Program Files (x86)\Microsoft Visual Studio\2019\Community\VC\Tools\MSVC\14.29.30133\include\tuple(258): message : see reference to function template instantiation 'std::_Tuple_val<_This>::_Tuple_val<_Ty>(_Other &&)' being compiled
          with
          [
              _This=GLuint,
              _Ty=float,
              _Other=float
          ]
C:\Program Files (x86)\Microsoft Visual Studio\2019\Community\VC\Tools\MSVC\14.29.30133\include\tuple(258): message : see reference to function template instantiation 'std::_Tuple_val<_This>::_Tuple_val<_Ty>(_Other &&)' being compiled
          with
          [
              _This=GLuint,
              _Ty=float,
              _Other=float
          ]
C:\Program Files (x86)\Microsoft Visual Studio\2019\Community\VC\Tools\MSVC\14.29.30133\include\tuple(878): message : see reference to function template instantiation 'std::tuple<GLuint,GLuint>::tuple<std::_Exact_args_t,float,float,0>(_Tag,_This2 &&,float &&)' being compiled
          with
          [
              _Tag=std::_Exact_args_t,
              _This2=float
          ]
C:\Program Files (x86)\Microsoft Visual Studio\2019\Community\VC\Tools\MSVC\14.29.30133\include\tuple(878): message : see reference to function template instantiation 'std::tuple<GLuint,GLuint>::tuple<std::_Exact_args_t,float,float,0>(_Tag,_This2 &&,float &&)' being compiled
          with
          [
              _Tag=std::_Exact_args_t,
              _This2=float
          ]
C:\Program Files (x86)\Microsoft Visual Studio\2019\Community\VC\Tools\MSVC\14.29.30133\include\tuple(265): message : see reference to function template instantiation 'std::tuple<GLuint,GLuint>::tuple<std::_Unpack_tuple_t,_Ty,0,1,0>(_Tag,_Tpl &&,std::integer_sequence<size_t,0,1>)' being compiled
          with
          [
              _Ty=std::tuple<GLfloat,GLfloat>,
              _Tag=std::_Unpack_tuple_t,
              _Tpl=std::tuple<GLfloat,GLfloat>
          ]
C:\Program Files (x86)\Microsoft Visual Studio\2019\Community\VC\Tools\MSVC\14.29.30133\include\tuple(265): message : see reference to function template instantiation 'std::tuple<GLuint,GLuint>::tuple<std::_Unpack_tuple_t,_Ty,0,1,0>(_Tag,_Tpl &&,std::integer_sequence<size_t,0,1>)' being compiled
          with
          [
              _Ty=std::tuple<GLfloat,GLfloat>,
              _Tag=std::_Unpack_tuple_t,
              _Tpl=std::tuple<GLfloat,GLfloat>
          ]
C:\Program Files (x86)\Microsoft Visual Studio\2019\Community\VC\Tools\MSVC\14.29.30133\include\tuple(392): message : see reference to function template instantiation 'std::tuple<GLuint,GLuint>::tuple<std::_Unpack_tuple_t,std::tuple<GLfloat,GLfloat>,0>(_Tag,_Tpl &&)' being compiled
          with
          [
              _Tag=std::_Unpack_tuple_t,
              _Tpl=std::tuple<GLfloat,GLfloat>
          ]
C:\Program Files (x86)\Microsoft Visual Studio\2019\Community\VC\Tools\MSVC\14.29.30133\include\tuple(392): message : see reference to function template instantiation 'std::tuple<GLuint,GLuint>::tuple<std::_Unpack_tuple_t,std::tuple<GLfloat,GLfloat>,0>(_Tag,_Tpl &&)' being compiled
          with
          [
              _Tag=std::_Unpack_tuple_t,
              _Tpl=std::tuple<GLfloat,GLfloat>
          ]
C:\Users\jacob\Desktop\3D2D\Test-OpenGL\Main.cpp(32): message : see reference to function template instantiation 'std::tuple<GLuint,GLuint>::tuple<GLfloat,GLfloat,0>(std::tuple<GLfloat,GLfloat> &&) noexcept' being compiled
C:\Users\jacob\Desktop\3D2D\Test-OpenGL\Main.cpp(32): message : see reference to function template instantiation 'std::tuple<GLuint,GLuint>::tuple<GLfloat,GLfloat,0>(std::tuple<GLfloat,GLfloat> &&) noexcept' being compiled
glfw3.lib(context.obj) : warning LNK4099: PDB 'glfw.pdb' was not found with 'glfw3.lib(context.obj)' or at 'C:\Users\jacob\Desktop\3D2D\Test-OpenGL\x64\Debug\glfw.pdb'; linking object as if no debug info
glfw3.lib(init.obj) : warning LNK4099: PDB 'glfw.pdb' was not found with 'glfw3.lib(init.obj)' or at 'C:\Users\jacob\Desktop\3D2D\Test-OpenGL\x64\Debug\glfw.pdb'; linking object as if no debug info
glfw3.lib(input.obj) : warning LNK4099: PDB 'glfw.pdb' was not found with 'glfw3.lib(input.obj)' or at 'C:\Users\jacob\Desktop\3D2D\Test-OpenGL\x64\Debug\glfw.pdb'; linking object as if no debug info
glfw3.lib(monitor.obj) : warning LNK4099: PDB 'glfw.pdb' was not found with 'glfw3.lib(monitor.obj)' or at 'C:\Users\jacob\Desktop\3D2D\Test-OpenGL\x64\Debug\glfw.pdb'; linking object as if no debug info
glfw3.lib(vulkan.obj) : warning LNK4099: PDB 'glfw.pdb' was not found with 'glfw3.lib(vulkan.obj)' or at 'C:\Users\jacob\Desktop\3D2D\Test-OpenGL\x64\Debug\glfw.pdb'; linking object as if no debug info
glfw3.lib(window.obj) : warning LNK4099: PDB 'glfw.pdb' was not found with 'glfw3.lib(window.obj)' or at 'C:\Users\jacob\Desktop\3D2D\Test-OpenGL\x64\Debug\glfw.pdb'; linking object as if no debug info
glfw3.lib(win32_init.obj) : warning LNK4099: PDB 'glfw.pdb' was not found with 'glfw3.lib(win32_init.obj)' or at 'C:\Users\jacob\Desktop\3D2D\Test-OpenGL\x64\Debug\glfw.pdb'; linking object as if no debug info
glfw3.lib(win32_joystick.obj) : warning LNK4099: PDB 'glfw.pdb' was not found with 'glfw3.lib(win32_joystick.obj)' or at 'C:\Users\jacob\Desktop\3D2D\Test-OpenGL\x64\Debug\glfw.pdb'; linking object as if no debug info
glfw3.lib(win32_monitor.obj) : warning LNK4099: PDB 'glfw.pdb' was not found with 'glfw3.lib(win32_monitor.obj)' or at 'C:\Users\jacob\Desktop\3D2D\Test-OpenGL\x64\Debug\glfw.pdb'; linking object as if no debug info
glfw3.lib(win32_time.obj) : warning LNK4099: PDB 'glfw.pdb' was not found with 'glfw3.lib(win32_time.obj)' or at 'C:\Users\jacob\Desktop\3D2D\Test-OpenGL\x64\Debug\glfw.pdb'; linking object as if no debug info
glfw3.lib(win32_thread.obj) : warning LNK4099: PDB 'glfw.pdb' was not found with 'glfw3.lib(win32_thread.obj)' or at 'C:\Users\jacob\Desktop\3D2D\Test-OpenGL\x64\Debug\glfw.pdb'; linking object as if no debug info
glfw3.lib(win32_window.obj) : warning LNK4099: PDB 'glfw.pdb' was not found with 'glfw3.lib(win32_window.obj)' or at 'C:\Users\jacob\Desktop\3D2D\Test-OpenGL\x64\Debug\glfw.pdb'; linking object as if no debug info
glfw3.lib(wgl_context.obj) : warning LNK4099: PDB 'glfw.pdb' was not found with 'glfw3.lib(wgl_context.obj)' or at 'C:\Users\jacob\Desktop\3D2D\Test-OpenGL\x64\Debug\glfw.pdb'; linking object as if no debug info
glfw3.lib(egl_context.obj) : warning LNK4099: PDB 'glfw.pdb' was not found with 'glfw3.lib(egl_context.obj)' or at 'C:\Users\jacob\Desktop\3D2D\Test-OpenGL\x64\Debug\glfw.pdb'; linking object as if no debug info
glfw3.lib(osmesa_context.obj) : warning LNK4099: PDB 'glfw.pdb' was not found with 'glfw3.lib(osmesa_context.obj)' or at 'C:\Users\jacob\Desktop\3D2D\Test-OpenGL\x64\Debug\glfw.pdb'; linking object as if no debug info
  SampleOpenGL.vcxproj -> C:\Users\jacob\Desktop\3D2D\Test-OpenGL\x64\Debug\SampleOpenGL.exe
